[0.014s] Invoking command in '/home/angelhyc/ros2/cpp_parameters/build/cpp_parameters': CMAKE_PREFIX_PATH=${CMAKE_PREFIX_PATH}:/opt/ros/humble /usr/bin/cmake --build /home/angelhyc/ros2/cpp_parameters/build/cpp_parameters -- -j16 -l16
[0.053s] [100%] Built target minimal_param_node
[0.063s] Invoked command in '/home/angelhyc/ros2/cpp_parameters/build/cpp_parameters' returned '0': CMAKE_PREFIX_PATH=${CMAKE_PREFIX_PATH}:/opt/ros/humble /usr/bin/cmake --build /home/angelhyc/ros2/cpp_parameters/build/cpp_parameters -- -j16 -l16
[0.088s] Invoking command in '/home/angelhyc/ros2/cpp_parameters/build/cpp_parameters': CMAKE_PREFIX_PATH=${CMAKE_PREFIX_PATH}:/opt/ros/humble /usr/bin/cmake --install /home/angelhyc/ros2/cpp_parameters/build/cpp_parameters
[0.094s] -- Install configuration: ""
[0.094s] -- Up-to-date: /home/angelhyc/ros2/cpp_parameters/install/cpp_parameters/lib/cpp_parameters/minimal_param_node
[0.095s] -- Up-to-date: /home/angelhyc/ros2/cpp_parameters/install/cpp_parameters/share/ament_index/resource_index/package_run_dependencies/cpp_parameters
[0.095s] -- Up-to-date: /home/angelhyc/ros2/cpp_parameters/install/cpp_parameters/share/ament_index/resource_index/parent_prefix_path/cpp_parameters
[0.095s] -- Up-to-date: /home/angelhyc/ros2/cpp_parameters/install/cpp_parameters/share/cpp_parameters/environment/ament_prefix_path.sh
[0.095s] -- Up-to-date: /home/angelhyc/ros2/cpp_parameters/install/cpp_parameters/share/cpp_parameters/environment/ament_prefix_path.dsv
[0.095s] -- Up-to-date: /home/angelhyc/ros2/cpp_parameters/install/cpp_parameters/share/cpp_parameters/environment/path.sh
[0.095s] -- Up-to-date: /home/angelhyc/ros2/cpp_parameters/install/cpp_parameters/share/cpp_parameters/environment/path.dsv
[0.095s] -- Up-to-date: /home/angelhyc/ros2/cpp_parameters/install/cpp_parameters/share/cpp_parameters/local_setup.bash
[0.095s] -- Up-to-date: /home/angelhyc/ros2/cpp_parameters/install/cpp_parameters/share/cpp_parameters/local_setup.sh
[0.096s] -- Up-to-date: /home/angelhyc/ros2/cpp_parameters/install/cpp_parameters/share/cpp_parameters/local_setup.zsh
[0.096s] -- Up-to-date: /home/angelhyc/ros2/cpp_parameters/install/cpp_parameters/share/cpp_parameters/local_setup.dsv
[0.097s] -- Installing: /home/angelhyc/ros2/cpp_parameters/install/cpp_parameters/share/cpp_parameters/package.dsv
[0.098s] -- Up-to-date: /home/angelhyc/ros2/cpp_parameters/install/cpp_parameters/share/ament_index/resource_index/packages/cpp_parameters
[0.098s] -- Up-to-date: /home/angelhyc/ros2/cpp_parameters/install/cpp_parameters/share/cpp_parameters/cmake/cpp_parametersConfig.cmake
[0.099s] -- Up-to-date: /home/angelhyc/ros2/cpp_parameters/install/cpp_parameters/share/cpp_parameters/cmake/cpp_parametersConfig-version.cmake
[0.099s] -- Up-to-date: /home/angelhyc/ros2/cpp_parameters/install/cpp_parameters/share/cpp_parameters/package.xml
[0.100s] Invoked command in '/home/angelhyc/ros2/cpp_parameters/build/cpp_parameters' returned '0': CMAKE_PREFIX_PATH=${CMAKE_PREFIX_PATH}:/opt/ros/humble /usr/bin/cmake --install /home/angelhyc/ros2/cpp_parameters/build/cpp_parameters
