[0.013s] Invoking command in '/home/angelhyc/ros2/cpp_parameters/build/cpp_parameters': CMAKE_PREFIX_PATH=${CMAKE_PREFIX_PATH}:/opt/ros/humble /usr/bin/cmake --build /home/angelhyc/ros2/cpp_parameters/build/cpp_parameters -- -j16 -l16
[0.033s] -- Found ament_cmake: 1.3.5 (/opt/ros/humble/share/ament_cmake/cmake)
[0.171s] -- Found rclcpp: 16.0.4 (/opt/ros/humble/share/rclcpp/cmake)
[0.201s] -- Found rosidl_generator_c: 3.1.4 (/opt/ros/humble/share/rosidl_generator_c/cmake)
[0.204s] -- Found rosidl_adapter: 3.1.4 (/opt/ros/humble/share/rosidl_adapter/cmake)
[0.209s] -- Found rosidl_generator_cpp: 3.1.4 (/opt/ros/humble/share/rosidl_generator_cpp/cmake)
[0.220s] -- Using all available rosidl_typesupport_c: rosidl_typesupport_fastrtps_c;rosidl_typesupport_introspection_c
[0.235s] -- Using all available rosidl_typesupport_cpp: rosidl_typesupport_fastrtps_cpp;rosidl_typesupport_introspection_cpp
[0.293s] -- Found rmw_implementation_cmake: 6.1.1 (/opt/ros/humble/share/rmw_implementation_cmake/cmake)
[0.294s] -- Found rmw_fastrtps_cpp: 6.2.2 (/opt/ros/humble/share/rmw_fastrtps_cpp/cmake)
[0.405s] -- Using RMW implementation 'rmw_fastrtps_cpp' as default
[0.575s] -- Found ament_lint_auto: 0.12.6 (/opt/ros/humble/share/ament_lint_auto/cmake)
[0.646s] -- Added test 'cppcheck' to perform static code analysis on C / C++ code
[0.646s] -- Configured cppcheck include dirs: 
[0.646s] -- Configured cppcheck exclude dirs and/or files: 
[0.647s] -- Added test 'flake8' to check Python code syntax and style conventions
[0.649s] -- Added test 'lint_cmake' to check CMake code style
[0.650s] -- Added test 'pep257' to check Python code against some of the docstring style conventions in PEP 257
[0.656s] -- Added test 'uncrustify' to check C / C++ code style
[0.656s] -- Configured uncrustify additional arguments: 
[0.657s] -- Added test 'xmllint' to check XML markup files
[0.658s] -- Configuring done
[0.666s] -- Generating done
[0.668s] -- Build files have been written to: /home/angelhyc/ros2/cpp_parameters/build/cpp_parameters
[0.687s] [35m[1mConsolidate compiler generated dependencies of target minimal_param_node[0m
[0.702s] [100%] Built target minimal_param_node
[0.710s] Invoked command in '/home/angelhyc/ros2/cpp_parameters/build/cpp_parameters' returned '0': CMAKE_PREFIX_PATH=${CMAKE_PREFIX_PATH}:/opt/ros/humble /usr/bin/cmake --build /home/angelhyc/ros2/cpp_parameters/build/cpp_parameters -- -j16 -l16
[0.736s] Invoking command in '/home/angelhyc/ros2/cpp_parameters/build/cpp_parameters': CMAKE_PREFIX_PATH=${CMAKE_PREFIX_PATH}:/opt/ros/humble /usr/bin/cmake --install /home/angelhyc/ros2/cpp_parameters/build/cpp_parameters
[0.741s] -- Install configuration: ""
[0.741s] -- Installing: /home/angelhyc/ros2/cpp_parameters/install/cpp_parameters/share/cpp_parameters/launch
[0.741s] -- Installing: /home/angelhyc/ros2/cpp_parameters/install/cpp_parameters/share/cpp_parameters/launch/cpp_parameters_launch.py
[0.741s] -- Up-to-date: /home/angelhyc/ros2/cpp_parameters/install/cpp_parameters/lib/cpp_parameters/minimal_param_node
[0.742s] -- Up-to-date: /home/angelhyc/ros2/cpp_parameters/install/cpp_parameters/share/ament_index/resource_index/package_run_dependencies/cpp_parameters
[0.742s] -- Installing: /home/angelhyc/ros2/cpp_parameters/install/cpp_parameters/share/ament_index/resource_index/parent_prefix_path/cpp_parameters
[0.742s] -- Up-to-date: /home/angelhyc/ros2/cpp_parameters/install/cpp_parameters/share/cpp_parameters/environment/ament_prefix_path.sh
[0.742s] -- Installing: /home/angelhyc/ros2/cpp_parameters/install/cpp_parameters/share/cpp_parameters/environment/ament_prefix_path.dsv
[0.742s] -- Up-to-date: /home/angelhyc/ros2/cpp_parameters/install/cpp_parameters/share/cpp_parameters/environment/path.sh
[0.742s] -- Installing: /home/angelhyc/ros2/cpp_parameters/install/cpp_parameters/share/cpp_parameters/environment/path.dsv
[0.742s] -- Up-to-date: /home/angelhyc/ros2/cpp_parameters/install/cpp_parameters/share/cpp_parameters/local_setup.bash
[0.743s] -- Up-to-date: /home/angelhyc/ros2/cpp_parameters/install/cpp_parameters/share/cpp_parameters/local_setup.sh
[0.743s] -- Up-to-date: /home/angelhyc/ros2/cpp_parameters/install/cpp_parameters/share/cpp_parameters/local_setup.zsh
[0.743s] -- Installing: /home/angelhyc/ros2/cpp_parameters/install/cpp_parameters/share/cpp_parameters/local_setup.dsv
[0.743s] -- Installing: /home/angelhyc/ros2/cpp_parameters/install/cpp_parameters/share/cpp_parameters/package.dsv
[0.743s] -- Up-to-date: /home/angelhyc/ros2/cpp_parameters/install/cpp_parameters/share/ament_index/resource_index/packages/cpp_parameters
[0.743s] -- Up-to-date: /home/angelhyc/ros2/cpp_parameters/install/cpp_parameters/share/cpp_parameters/cmake/cpp_parametersConfig.cmake
[0.743s] -- Up-to-date: /home/angelhyc/ros2/cpp_parameters/install/cpp_parameters/share/cpp_parameters/cmake/cpp_parametersConfig-version.cmake
[0.743s] -- Up-to-date: /home/angelhyc/ros2/cpp_parameters/install/cpp_parameters/share/cpp_parameters/package.xml
[0.745s] Invoked command in '/home/angelhyc/ros2/cpp_parameters/build/cpp_parameters' returned '0': CMAKE_PREFIX_PATH=${CMAKE_PREFIX_PATH}:/opt/ros/humble /usr/bin/cmake --install /home/angelhyc/ros2/cpp_parameters/build/cpp_parameters
