[0.342s] DEBUG:colcon:Command line arguments: ['/usr/bin/colcon', 'build']
[0.342s] DEBUG:colcon:Parsed command line arguments: Namespace(log_base=None, log_level=None, verb_name='build', build_base='build', install_base='install', merge_install=False, symlink_install=False, test_result_base=None, continue_on_error=False, executor='parallel', parallel_workers=16, event_handlers=None, ignore_user_meta=False, metas=['./colcon.meta'], base_paths=['.'], packages_ignore=None, packages_ignore_regex=None, paths=None, packages_up_to=None, packages_up_to_regex=None, packages_above=None, packages_above_and_dependencies=None, packages_above_depth=None, packages_select_by_dep=None, packages_skip_by_dep=None, packages_skip_up_to=None, packages_select_build_failed=False, packages_skip_build_finished=False, packages_select_test_failures=False, packages_skip_test_passed=False, packages_select=None, packages_skip=None, packages_select_regex=None, packages_skip_regex=None, packages_start=None, packages_end=None, allow_overriding=[], cmake_args=None, cmake_target=None, cmake_target_skip_unavailable=False, cmake_clean_cache=False, cmake_clean_first=False, cmake_force_configure=False, ament_cmake_args=None, catkin_cmake_args=None, catkin_skip_building_tests=False, verb_parser=<colcon_defaults.argument_parser.defaults.DefaultArgumentsDecorator object at 0x7f79d07e8ee0>, verb_extension=<colcon_core.verb.build.BuildVerb object at 0x7f79d11a8e20>, main=<bound method BuildVerb.main of <colcon_core.verb.build.BuildVerb object at 0x7f79d11a8e20>>)
[0.364s] Level 1:colcon.colcon_core.package_discovery:discover_packages(colcon_meta) check parameters
[0.364s] Level 1:colcon.colcon_core.package_discovery:discover_packages(recursive) check parameters
[0.364s] Level 1:colcon.colcon_core.package_discovery:discover_packages(ignore) check parameters
[0.364s] Level 1:colcon.colcon_core.package_discovery:discover_packages(path) check parameters
[0.364s] Level 1:colcon.colcon_core.package_discovery:discover_packages(colcon_meta) discover
[0.364s] Level 1:colcon.colcon_core.package_discovery:discover_packages(recursive) discover
[0.365s] INFO:colcon.colcon_core.package_discovery:Crawling recursively for packages in '/home/angelhyc/ros2/cpp_parameters'
[0.365s] Level 1:colcon.colcon_core.package_identification:_identify(.) by extensions ['ignore', 'ignore_ament_install']
[0.365s] Level 1:colcon.colcon_core.package_identification:_identify(.) by extension 'ignore'
[0.365s] Level 1:colcon.colcon_core.package_identification:_identify(.) by extension 'ignore_ament_install'
[0.365s] Level 1:colcon.colcon_core.package_identification:_identify(.) by extensions ['colcon_pkg']
[0.365s] Level 1:colcon.colcon_core.package_identification:_identify(.) by extension 'colcon_pkg'
[0.365s] Level 1:colcon.colcon_core.package_identification:_identify(.) by extensions ['colcon_meta']
[0.365s] Level 1:colcon.colcon_core.package_identification:_identify(.) by extension 'colcon_meta'
[0.365s] Level 1:colcon.colcon_core.package_identification:_identify(.) by extensions ['ros']
[0.365s] Level 1:colcon.colcon_core.package_identification:_identify(.) by extension 'ros'
[0.378s] DEBUG:colcon.colcon_core.package_identification:Package '.' with type 'ros.ament_cmake' and name 'cpp_parameters'
[0.378s] Level 1:colcon.colcon_core.package_discovery:discover_packages(recursive) using defaults
[0.378s] Level 1:colcon.colcon_core.package_discovery:discover_packages(ignore) discover
[0.378s] Level 1:colcon.colcon_core.package_discovery:discover_packages(ignore) using defaults
[0.378s] Level 1:colcon.colcon_core.package_discovery:discover_packages(path) discover
[0.378s] Level 1:colcon.colcon_core.package_discovery:discover_packages(path) using defaults
[0.398s] Level 1:colcon.colcon_core.package_discovery:discover_packages(prefix_path) check parameters
[0.398s] Level 1:colcon.colcon_core.package_discovery:discover_packages(prefix_path) discover
[0.401s] DEBUG:colcon.colcon_installed_package_information.package_discovery:Found 1 installed packages in /home/angelhyc/ros2/cpp_parameters/install
[0.402s] DEBUG:colcon.colcon_installed_package_information.package_discovery:Found 275 installed packages in /opt/ros/humble
[0.404s] Level 1:colcon.colcon_core.package_discovery:discover_packages(prefix_path) using defaults
[0.460s] Level 5:colcon.colcon_core.verb:set package 'cpp_parameters' build argument 'cmake_args' from command line to 'None'
[0.460s] Level 5:colcon.colcon_core.verb:set package 'cpp_parameters' build argument 'cmake_target' from command line to 'None'
[0.460s] Level 5:colcon.colcon_core.verb:set package 'cpp_parameters' build argument 'cmake_target_skip_unavailable' from command line to 'False'
[0.460s] Level 5:colcon.colcon_core.verb:set package 'cpp_parameters' build argument 'cmake_clean_cache' from command line to 'False'
[0.460s] Level 5:colcon.colcon_core.verb:set package 'cpp_parameters' build argument 'cmake_clean_first' from command line to 'False'
[0.461s] Level 5:colcon.colcon_core.verb:set package 'cpp_parameters' build argument 'cmake_force_configure' from command line to 'False'
[0.461s] Level 5:colcon.colcon_core.verb:set package 'cpp_parameters' build argument 'ament_cmake_args' from command line to 'None'
[0.461s] Level 5:colcon.colcon_core.verb:set package 'cpp_parameters' build argument 'catkin_cmake_args' from command line to 'None'
[0.461s] Level 5:colcon.colcon_core.verb:set package 'cpp_parameters' build argument 'catkin_skip_building_tests' from command line to 'False'
[0.461s] DEBUG:colcon.colcon_core.verb:Building package 'cpp_parameters' with the following arguments: {'ament_cmake_args': None, 'build_base': '/home/angelhyc/ros2/cpp_parameters/build/cpp_parameters', 'catkin_cmake_args': None, 'catkin_skip_building_tests': False, 'cmake_args': None, 'cmake_clean_cache': False, 'cmake_clean_first': False, 'cmake_force_configure': False, 'cmake_target': None, 'cmake_target_skip_unavailable': False, 'install_base': '/home/angelhyc/ros2/cpp_parameters/install/cpp_parameters', 'merge_install': False, 'path': '/home/angelhyc/ros2/cpp_parameters', 'symlink_install': False, 'test_result_base': None}
[0.461s] INFO:colcon.colcon_core.executor:Executing jobs using 'parallel' executor
[0.464s] DEBUG:colcon.colcon_parallel_executor.executor.parallel:run_until_complete
[0.464s] INFO:colcon.colcon_ros.task.ament_cmake.build:Building ROS package in '/home/angelhyc/ros2/cpp_parameters' with build type 'ament_cmake'
[0.465s] INFO:colcon.colcon_cmake.task.cmake.build:Building CMake package in '/home/angelhyc/ros2/cpp_parameters'
[0.468s] INFO:colcon.colcon_core.plugin_system:Skipping extension 'colcon_core.shell.bat': Not used on non-Windows systems
[0.469s] INFO:colcon.colcon_core.shell:Skip shell extension 'powershell' for command environment: Not usable outside of PowerShell
[0.469s] DEBUG:colcon.colcon_core.shell:Skip shell extension 'dsv' for command environment
[0.479s] DEBUG:colcon.colcon_core.event_handler.log_command:Invoking command in '/home/angelhyc/ros2/cpp_parameters/build/cpp_parameters': CMAKE_PREFIX_PATH=${CMAKE_PREFIX_PATH}:/opt/ros/humble /usr/bin/cmake --build /home/angelhyc/ros2/cpp_parameters/build/cpp_parameters -- -j16 -l16
[0.529s] DEBUG:colcon.colcon_core.event_handler.log_command:Invoked command in '/home/angelhyc/ros2/cpp_parameters/build/cpp_parameters' returned '0': CMAKE_PREFIX_PATH=${CMAKE_PREFIX_PATH}:/opt/ros/humble /usr/bin/cmake --build /home/angelhyc/ros2/cpp_parameters/build/cpp_parameters -- -j16 -l16
[0.555s] DEBUG:colcon.colcon_core.event_handler.log_command:Invoking command in '/home/angelhyc/ros2/cpp_parameters/build/cpp_parameters': CMAKE_PREFIX_PATH=${CMAKE_PREFIX_PATH}:/opt/ros/humble /usr/bin/cmake --install /home/angelhyc/ros2/cpp_parameters/build/cpp_parameters
[0.563s] Level 1:colcon.colcon_core.environment:create_environment_scripts_only(cpp_parameters)
[0.565s] DEBUG:colcon.colcon_core.event_handler.log_command:Invoked command in '/home/angelhyc/ros2/cpp_parameters/build/cpp_parameters' returned '0': CMAKE_PREFIX_PATH=${CMAKE_PREFIX_PATH}:/opt/ros/humble /usr/bin/cmake --install /home/angelhyc/ros2/cpp_parameters/build/cpp_parameters
[0.571s] Level 1:colcon.colcon_core.environment:checking '/home/angelhyc/ros2/cpp_parameters/install/cpp_parameters' for CMake module files
[0.572s] Level 1:colcon.colcon_core.environment:checking '/home/angelhyc/ros2/cpp_parameters/install/cpp_parameters' for CMake config files
[0.572s] Level 1:colcon.colcon_core.shell:create_environment_hook('cpp_parameters', 'cmake_prefix_path')
[0.574s] INFO:colcon.colcon_core.shell:Creating environment hook '/home/angelhyc/ros2/cpp_parameters/install/cpp_parameters/share/cpp_parameters/hook/cmake_prefix_path.ps1'
[0.575s] INFO:colcon.colcon_core.shell:Creating environment descriptor '/home/angelhyc/ros2/cpp_parameters/install/cpp_parameters/share/cpp_parameters/hook/cmake_prefix_path.dsv'
[0.575s] INFO:colcon.colcon_core.shell:Creating environment hook '/home/angelhyc/ros2/cpp_parameters/install/cpp_parameters/share/cpp_parameters/hook/cmake_prefix_path.sh'
[0.576s] Level 1:colcon.colcon_core.environment:checking '/home/angelhyc/ros2/cpp_parameters/install/cpp_parameters/lib'
[0.577s] Level 1:colcon.colcon_core.environment:checking '/home/angelhyc/ros2/cpp_parameters/install/cpp_parameters/bin'
[0.577s] Level 1:colcon.colcon_core.environment:checking '/home/angelhyc/ros2/cpp_parameters/install/cpp_parameters/lib/pkgconfig/cpp_parameters.pc'
[0.577s] Level 1:colcon.colcon_core.environment:checking '/home/angelhyc/ros2/cpp_parameters/install/cpp_parameters/lib/python3.10/site-packages'
[0.577s] Level 1:colcon.colcon_core.environment:checking '/home/angelhyc/ros2/cpp_parameters/install/cpp_parameters/bin'
[0.579s] INFO:colcon.colcon_core.shell:Creating package script '/home/angelhyc/ros2/cpp_parameters/install/cpp_parameters/share/cpp_parameters/package.ps1'
[0.580s] INFO:colcon.colcon_core.shell:Creating package descriptor '/home/angelhyc/ros2/cpp_parameters/install/cpp_parameters/share/cpp_parameters/package.dsv'
[0.581s] INFO:colcon.colcon_core.shell:Creating package script '/home/angelhyc/ros2/cpp_parameters/install/cpp_parameters/share/cpp_parameters/package.sh'
[0.582s] INFO:colcon.colcon_core.shell:Creating package script '/home/angelhyc/ros2/cpp_parameters/install/cpp_parameters/share/cpp_parameters/package.bash'
[0.583s] INFO:colcon.colcon_core.shell:Creating package script '/home/angelhyc/ros2/cpp_parameters/install/cpp_parameters/share/cpp_parameters/package.zsh'
[0.583s] Level 1:colcon.colcon_core.environment:create_file_with_runtime_dependencies(/home/angelhyc/ros2/cpp_parameters/install/cpp_parameters/share/colcon-core/packages/cpp_parameters)
[0.605s] Level 1:colcon.colcon_core.environment:create_environment_scripts_only(cpp_parameters)
[0.607s] Level 1:colcon.colcon_core.environment:checking '/home/angelhyc/ros2/cpp_parameters/install/cpp_parameters' for CMake module files
[0.607s] Level 1:colcon.colcon_core.environment:checking '/home/angelhyc/ros2/cpp_parameters/install/cpp_parameters' for CMake config files
[0.607s] Level 1:colcon.colcon_core.shell:create_environment_hook('cpp_parameters', 'cmake_prefix_path')
[0.609s] INFO:colcon.colcon_core.shell:Creating environment hook '/home/angelhyc/ros2/cpp_parameters/install/cpp_parameters/share/cpp_parameters/hook/cmake_prefix_path.ps1'
[0.609s] INFO:colcon.colcon_core.shell:Creating environment descriptor '/home/angelhyc/ros2/cpp_parameters/install/cpp_parameters/share/cpp_parameters/hook/cmake_prefix_path.dsv'
[0.609s] INFO:colcon.colcon_core.shell:Creating environment hook '/home/angelhyc/ros2/cpp_parameters/install/cpp_parameters/share/cpp_parameters/hook/cmake_prefix_path.sh'
[0.610s] Level 1:colcon.colcon_core.environment:checking '/home/angelhyc/ros2/cpp_parameters/install/cpp_parameters/lib'
[0.610s] Level 1:colcon.colcon_core.environment:checking '/home/angelhyc/ros2/cpp_parameters/install/cpp_parameters/bin'
[0.610s] Level 1:colcon.colcon_core.environment:checking '/home/angelhyc/ros2/cpp_parameters/install/cpp_parameters/lib/pkgconfig/cpp_parameters.pc'
[0.610s] Level 1:colcon.colcon_core.environment:checking '/home/angelhyc/ros2/cpp_parameters/install/cpp_parameters/lib/python3.10/site-packages'
[0.610s] Level 1:colcon.colcon_core.environment:checking '/home/angelhyc/ros2/cpp_parameters/install/cpp_parameters/bin'
[0.611s] INFO:colcon.colcon_core.shell:Creating package script '/home/angelhyc/ros2/cpp_parameters/install/cpp_parameters/share/cpp_parameters/package.ps1'
[0.612s] INFO:colcon.colcon_core.shell:Creating package descriptor '/home/angelhyc/ros2/cpp_parameters/install/cpp_parameters/share/cpp_parameters/package.dsv'
[0.612s] INFO:colcon.colcon_core.shell:Creating package script '/home/angelhyc/ros2/cpp_parameters/install/cpp_parameters/share/cpp_parameters/package.sh'
[0.613s] INFO:colcon.colcon_core.shell:Creating package script '/home/angelhyc/ros2/cpp_parameters/install/cpp_parameters/share/cpp_parameters/package.bash'
[0.613s] INFO:colcon.colcon_core.shell:Creating package script '/home/angelhyc/ros2/cpp_parameters/install/cpp_parameters/share/cpp_parameters/package.zsh'
[0.613s] Level 1:colcon.colcon_core.environment:create_file_with_runtime_dependencies(/home/angelhyc/ros2/cpp_parameters/install/cpp_parameters/share/colcon-core/packages/cpp_parameters)
[0.614s] DEBUG:colcon.colcon_parallel_executor.executor.parallel:closing loop
[0.614s] DEBUG:colcon.colcon_parallel_executor.executor.parallel:loop closed
[0.614s] DEBUG:colcon.colcon_parallel_executor.executor.parallel:run_until_complete finished with '0'
[0.614s] DEBUG:colcon.colcon_core.event_reactor:joining thread
[0.619s] INFO:colcon.colcon_core.plugin_system:Skipping extension 'colcon_notification.desktop_notification.terminal_notifier': Not used on non-Darwin systems
[0.619s] INFO:colcon.colcon_core.plugin_system:Skipping extension 'colcon_notification.desktop_notification.win32': Not used on non-Windows systems
[0.619s] INFO:colcon.colcon_notification.desktop_notification:Sending desktop notification using 'notify2'
[0.631s] DEBUG:colcon.colcon_core.event_reactor:joined thread
[0.633s] INFO:colcon.colcon_core.shell:Creating prefix script '/home/angelhyc/ros2/cpp_parameters/install/local_setup.ps1'
[0.634s] INFO:colcon.colcon_core.shell:Creating prefix util module '/home/angelhyc/ros2/cpp_parameters/install/_local_setup_util_ps1.py'
[0.635s] INFO:colcon.colcon_core.shell:Creating prefix chain script '/home/angelhyc/ros2/cpp_parameters/install/setup.ps1'
[0.637s] INFO:colcon.colcon_core.shell:Creating prefix script '/home/angelhyc/ros2/cpp_parameters/install/local_setup.sh'
[0.637s] INFO:colcon.colcon_core.shell:Creating prefix util module '/home/angelhyc/ros2/cpp_parameters/install/_local_setup_util_sh.py'
[0.638s] INFO:colcon.colcon_core.shell:Creating prefix chain script '/home/angelhyc/ros2/cpp_parameters/install/setup.sh'
[0.639s] INFO:colcon.colcon_core.shell:Creating prefix script '/home/angelhyc/ros2/cpp_parameters/install/local_setup.bash'
[0.640s] INFO:colcon.colcon_core.shell:Creating prefix chain script '/home/angelhyc/ros2/cpp_parameters/install/setup.bash'
[0.641s] INFO:colcon.colcon_core.shell:Creating prefix script '/home/angelhyc/ros2/cpp_parameters/install/local_setup.zsh'
[0.642s] INFO:colcon.colcon_core.shell:Creating prefix chain script '/home/angelhyc/ros2/cpp_parameters/install/setup.zsh'
