[0.010s] Invoking command in '/home/angelhyc/ros2/cpp_parameters/build/cpp_parameters': CMAKE_PREFIX_PATH=/opt/ros/humble /usr/bin/cmake /home/angelhyc/ros2/cpp_parameters -DCMAKE_INSTALL_PREFIX=/home/angelhyc/ros2/cpp_parameters/install/cpp_parameters
[0.051s] -- The C compiler identification is GNU 11.3.0
[0.099s] -- The CXX compiler identification is GNU 11.3.0
[0.106s] -- Detecting C compiler ABI info
[0.160s] -- Detecting C compiler ABI info - done
[0.169s] -- Check for working C compiler: /usr/bin/cc - skipped
[0.169s] -- Detecting C compile features
[0.170s] -- Detecting C compile features - done
[0.173s] -- Detecting CXX compiler ABI info
[0.234s] -- Detecting CXX compiler ABI info - done
[0.243s] -- Check for working CXX compiler: /usr/bin/c++ - skipped
[0.243s] -- Detecting CXX compile features
[0.244s] -- Detecting CXX compile features - done
[0.246s] -- Found ament_cmake: 1.3.5 (/opt/ros/humble/share/ament_cmake/cmake)
[0.407s] -- Found Python3: /usr/bin/python3.10 (found version "3.10.6") found components: Interpreter 
[0.493s] -- Found rclcpp: 16.0.4 (/opt/ros/humble/share/rclcpp/cmake)
[0.529s] -- Found rosidl_generator_c: 3.1.4 (/opt/ros/humble/share/rosidl_generator_c/cmake)
[0.534s] -- Found rosidl_adapter: 3.1.4 (/opt/ros/humble/share/rosidl_adapter/cmake)
[0.541s] -- Found rosidl_generator_cpp: 3.1.4 (/opt/ros/humble/share/rosidl_generator_cpp/cmake)
[0.553s] -- Using all available rosidl_typesupport_c: rosidl_typesupport_fastrtps_c;rosidl_typesupport_introspection_c
[0.571s] -- Using all available rosidl_typesupport_cpp: rosidl_typesupport_fastrtps_cpp;rosidl_typesupport_introspection_cpp
[0.654s] -- Found rmw_implementation_cmake: 6.1.1 (/opt/ros/humble/share/rmw_implementation_cmake/cmake)
[0.656s] -- Found rmw_fastrtps_cpp: 6.2.2 (/opt/ros/humble/share/rmw_fastrtps_cpp/cmake)
[0.733s] -- Found OpenSSL: /usr/lib/x86_64-linux-gnu/libcrypto.so (found version "3.0.2")  
[0.757s] -- Found FastRTPS: /opt/ros/humble/include  
[0.798s] -- Using RMW implementation 'rmw_fastrtps_cpp' as default
[0.806s] -- Looking for pthread.h
[0.862s] -- Looking for pthread.h - found
[0.862s] -- Performing Test CMAKE_HAVE_LIBC_PTHREAD
[0.917s] -- Performing Test CMAKE_HAVE_LIBC_PTHREAD - Success
[0.918s] -- Found Threads: TRUE  
[1.087s] -- Found ament_lint_auto: 0.12.6 (/opt/ros/humble/share/ament_lint_auto/cmake)
[1.157s] -- Added test 'cppcheck' to perform static code analysis on C / C++ code
[1.157s] -- Configured cppcheck include dirs: 
[1.157s] -- Configured cppcheck exclude dirs and/or files: 
[1.158s] -- Added test 'lint_cmake' to check CMake code style
[1.162s] -- Added test 'uncrustify' to check C / C++ code style
[1.162s] -- Configured uncrustify additional arguments: 
[1.162s] -- Added test 'xmllint' to check XML markup files
[1.163s] -- Configuring done
[1.170s] -- Generating done
[1.172s] -- Build files have been written to: /home/angelhyc/ros2/cpp_parameters/build/cpp_parameters
[1.179s] Invoked command in '/home/angelhyc/ros2/cpp_parameters/build/cpp_parameters' returned '0': CMAKE_PREFIX_PATH=/opt/ros/humble /usr/bin/cmake /home/angelhyc/ros2/cpp_parameters -DCMAKE_INSTALL_PREFIX=/home/angelhyc/ros2/cpp_parameters/install/cpp_parameters
[1.181s] Invoking command in '/home/angelhyc/ros2/cpp_parameters/build/cpp_parameters': CMAKE_PREFIX_PATH=/opt/ros/humble /usr/bin/cmake --build /home/angelhyc/ros2/cpp_parameters/build/cpp_parameters -- -j16 -l16
[1.214s] [ 50%] [32mBuilding CXX object CMakeFiles/minimal_param_node.dir/src/cpp_parameters_node.cpp.o[0m
[4.258s] [100%] [32m[1mLinking CXX executable minimal_param_node[0m
[4.356s] [100%] Built target minimal_param_node
[4.364s] Invoked command in '/home/angelhyc/ros2/cpp_parameters/build/cpp_parameters' returned '0': CMAKE_PREFIX_PATH=/opt/ros/humble /usr/bin/cmake --build /home/angelhyc/ros2/cpp_parameters/build/cpp_parameters -- -j16 -l16
[4.385s] Invoking command in '/home/angelhyc/ros2/cpp_parameters/build/cpp_parameters': CMAKE_PREFIX_PATH=/opt/ros/humble /usr/bin/cmake --install /home/angelhyc/ros2/cpp_parameters/build/cpp_parameters
[4.390s] -- Install configuration: ""
[4.390s] -- Installing: /home/angelhyc/ros2/cpp_parameters/install/cpp_parameters/lib/cpp_parameters/minimal_param_node
[4.391s] -- Set runtime path of "/home/angelhyc/ros2/cpp_parameters/install/cpp_parameters/lib/cpp_parameters/minimal_param_node" to ""
[4.391s] -- Installing: /home/angelhyc/ros2/cpp_parameters/install/cpp_parameters/share/ament_index/resource_index/package_run_dependencies/cpp_parameters
[4.391s] -- Installing: /home/angelhyc/ros2/cpp_parameters/install/cpp_parameters/share/ament_index/resource_index/parent_prefix_path/cpp_parameters
[4.391s] -- Installing: /home/angelhyc/ros2/cpp_parameters/install/cpp_parameters/share/cpp_parameters/environment/ament_prefix_path.sh
[4.391s] -- Installing: /home/angelhyc/ros2/cpp_parameters/install/cpp_parameters/share/cpp_parameters/environment/ament_prefix_path.dsv
[4.392s] -- Installing: /home/angelhyc/ros2/cpp_parameters/install/cpp_parameters/share/cpp_parameters/environment/path.sh
[4.392s] -- Installing: /home/angelhyc/ros2/cpp_parameters/install/cpp_parameters/share/cpp_parameters/environment/path.dsv
[4.392s] -- Installing: /home/angelhyc/ros2/cpp_parameters/install/cpp_parameters/share/cpp_parameters/local_setup.bash
[4.392s] -- Installing: /home/angelhyc/ros2/cpp_parameters/install/cpp_parameters/share/cpp_parameters/local_setup.sh
[4.393s] -- Installing: /home/angelhyc/ros2/cpp_parameters/install/cpp_parameters/share/cpp_parameters/local_setup.zsh
[4.393s] -- Installing: /home/angelhyc/ros2/cpp_parameters/install/cpp_parameters/share/cpp_parameters/local_setup.dsv
[4.393s] -- Installing: /home/angelhyc/ros2/cpp_parameters/install/cpp_parameters/share/cpp_parameters/package.dsv
[4.393s] -- Installing: /home/angelhyc/ros2/cpp_parameters/install/cpp_parameters/share/ament_index/resource_index/packages/cpp_parameters
[4.394s] -- Installing: /home/angelhyc/ros2/cpp_parameters/install/cpp_parameters/share/cpp_parameters/cmake/cpp_parametersConfig.cmake
[4.394s] -- Installing: /home/angelhyc/ros2/cpp_parameters/install/cpp_parameters/share/cpp_parameters/cmake/cpp_parametersConfig-version.cmake
[4.394s] -- Installing: /home/angelhyc/ros2/cpp_parameters/install/cpp_parameters/share/cpp_parameters/package.xml
[4.397s] Invoked command in '/home/angelhyc/ros2/cpp_parameters/build/cpp_parameters' returned '0': CMAKE_PREFIX_PATH=/opt/ros/humble /usr/bin/cmake --install /home/angelhyc/ros2/cpp_parameters/build/cpp_parameters
